<?xml version="1.0" encoding="UTF-8"?>
<testsuite name="com.nkm.discount.demo.service.RetailStoreDiscountsServiceTest" tests="6" skipped="0" failures="0" errors="0" timestamp="2024-02-09T13:56:22" hostname="IN-86RM2J3" time="0.28">
  <properties/>
  <testcase name="testCalculateNetPayableAmount_CustomerOver2Years()" classname="com.nkm.discount.demo.service.RetailStoreDiscountsServiceTest" time="0.238"/>
  <testcase name="testCalculateNetPayableAmount_Affiliate()" classname="com.nkm.discount.demo.service.RetailStoreDiscountsServiceTest" time="0.006"/>
  <testcase name="testCalculateNetPayableAmount_Customer()" classname="com.nkm.discount.demo.service.RetailStoreDiscountsServiceTest" time="0.008"/>
  <testcase name="testCalculateNetPayableAmount_Groceries()" classname="com.nkm.discount.demo.service.RetailStoreDiscountsServiceTest" time="0.01"/>
  <testcase name="testCalculateNetPayableAmount_Employee()" classname="com.nkm.discount.demo.service.RetailStoreDiscountsServiceTest" time="0.005"/>
  <testcase name="testCalculateNetPayableAmount_NoDiscount()" classname="com.nkm.discount.demo.service.RetailStoreDiscountsServiceTest" time="0.005"/>
  <system-out><![CDATA[2024-02-09T19:26:22.368+05:30  INFO 15840 --- [retail_discount] [    Test worker] c.n.d.d.s.RetailStoreDiscountsService    : Calculating net payable amount for user: User(userId=1, userType=CUSTOMER, registrationDate=2021-02-09), bill: [Bill(billId=1, totalAmount=1000.0, isGrocery=false)]
2024-02-09T19:26:22.378+05:30  INFO 15840 --- [retail_discount] [    Test worker] c.n.d.d.s.RetailStoreDiscountsService    : Net payable amount calculated: 905.0
2024-02-09T19:26:22.385+05:30  INFO 15840 --- [retail_discount] [    Test worker] c.n.d.d.s.RetailStoreDiscountsService    : Calculating net payable amount for user: User(userId=1, userType=AFFILIATE, registrationDate=2024-02-09), bill: [Bill(billId=1, totalAmount=1000.0, isGrocery=false)]
2024-02-09T19:26:22.386+05:30  INFO 15840 --- [retail_discount] [    Test worker] c.n.d.d.s.RetailStoreDiscountsService    : Net payable amount calculated: 855.0
2024-02-09T19:26:22.391+05:30  INFO 15840 --- [retail_discount] [    Test worker] c.n.d.d.s.RetailStoreDiscountsService    : Calculating net payable amount for user: User(userId=1, userType=CUSTOMER, registrationDate=2024-02-09), bill: [Bill(billId=1, totalAmount=1000.0, isGrocery=false)]
2024-02-09T19:26:22.392+05:30  INFO 15840 --- [retail_discount] [    Test worker] c.n.d.d.s.RetailStoreDiscountsService    : Net payable amount calculated: 950.0
2024-02-09T19:26:22.404+05:30  INFO 15840 --- [retail_discount] [    Test worker] c.n.d.d.s.RetailStoreDiscountsService    : Calculating net payable amount for user: User(userId=1, userType=CUSTOMER, registrationDate=2023-02-09), bill: [Bill(billId=1, totalAmount=100.0, isGrocery=true)]
2024-02-09T19:26:22.405+05:30  INFO 15840 --- [retail_discount] [    Test worker] c.n.d.d.s.RetailStoreDiscountsService    : Net payable amount calculated: 95.0
2024-02-09T19:26:22.414+05:30  INFO 15840 --- [retail_discount] [    Test worker] c.n.d.d.s.RetailStoreDiscountsService    : Calculating net payable amount for user: User(userId=1, userType=EMPLOYEE, registrationDate=2024-02-09), bill: [Bill(billId=1, totalAmount=1000.0, isGrocery=false)]
2024-02-09T19:26:22.415+05:30  INFO 15840 --- [retail_discount] [    Test worker] c.n.d.d.s.RetailStoreDiscountsService    : Net payable amount calculated: 665.0
2024-02-09T19:26:22.420+05:30  INFO 15840 --- [retail_discount] [    Test worker] c.n.d.d.s.RetailStoreDiscountsService    : Calculating net payable amount for user: User(userId=1, userType=CUSTOMER, registrationDate=2023-02-09), bill: [Bill(billId=1, totalAmount=500.0, isGrocery=false)]
2024-02-09T19:26:22.421+05:30  INFO 15840 --- [retail_discount] [    Test worker] c.n.d.d.s.RetailStoreDiscountsService    : Net payable amount calculated: 475.0
]]></system-out>
  <system-err><![CDATA[]]></system-err>
</testsuite>
