<?xml version="1.0" encoding="UTF-8"?>
<testsuite name="com.nkm.discount.demo.controller.RetailStoreDiscountsControllerTest" tests="3" skipped="0" failures="0" errors="0" timestamp="2024-02-09T13:56:21" hostname="IN-86RM2J3" time="0.762">
  <properties/>
  <testcase name="testCalculateNetPayableAmount()" classname="com.nkm.discount.demo.controller.RetailStoreDiscountsControllerTest" time="0.57"/>
  <testcase name="testCalculateNetPayableAmount_checkException_amountZero()" classname="com.nkm.discount.demo.controller.RetailStoreDiscountsControllerTest" time="0.175"/>
  <testcase name="testCalculateNetPayableAmount_check_userNotExist()" classname="com.nkm.discount.demo.controller.RetailStoreDiscountsControllerTest" time="0.01"/>
  <system-out><![CDATA[2024-02-09T19:26:20.384+05:30  INFO 15840 --- [retail_discount] [    Test worker] t.c.s.AnnotationConfigContextLoaderUtils : Could not detect default configuration classes for test class [com.nkm.discount.demo.controller.RetailStoreDiscountsControllerTest]: RetailStoreDiscountsControllerTest does not declare any static, non-private, non-final, nested classes annotated with @Configuration.
2024-02-09T19:26:20.421+05:30  INFO 15840 --- [retail_discount] [    Test worker] .b.t.c.SpringBootTestContextBootstrapper : Found @SpringBootConfiguration com.nkm.discount.demo.DemoApplication for test class com.nkm.discount.demo.controller.RetailStoreDiscountsControllerTest

  .   ____          _            __ _ _
 /\\ / ___'_ __ _ _(_)_ __  __ _ \ \ \ \
( ( )\___ | '_ | '_| | '_ \/ _` | \ \ \ \
 \\/  ___)| |_)| | | | | || (_| |  ) ) ) )
  '  |____| .__|_| |_|_| |_\__, | / / / /
 =========|_|==============|___/=/_/_/_/
 :: Spring Boot ::                (v3.2.2)

2024-02-09T19:26:20.465+05:30  INFO 15840 --- [retail_discount] [    Test worker] d.d.c.RetailStoreDiscountsControllerTest : Starting RetailStoreDiscountsControllerTest using Java 17.0.9 with PID 15840 (started by nitinkumar14 in C:\Users\nitinkumar14\OneDrive - Nagarro\Desktop\interview-preparation\aws-elasticsearch\referances\dubai_muncipal\demo (13)\demo)
2024-02-09T19:26:20.466+05:30  INFO 15840 --- [retail_discount] [    Test worker] d.d.c.RetailStoreDiscountsControllerTest : No active profile set, falling back to 1 default profile: "default"
2024-02-09T19:26:21.253+05:30  INFO 15840 --- [retail_discount] [    Test worker] o.s.b.t.m.w.SpringBootMockServletContext : Initializing Spring TestDispatcherServlet ''
2024-02-09T19:26:21.254+05:30  INFO 15840 --- [retail_discount] [    Test worker] o.s.t.web.servlet.TestDispatcherServlet  : Initializing Servlet ''
2024-02-09T19:26:21.261+05:30  INFO 15840 --- [retail_discount] [    Test worker] o.s.t.web.servlet.TestDispatcherServlet  : Completed initialization in 1 ms
2024-02-09T19:26:21.289+05:30  INFO 15840 --- [retail_discount] [    Test worker] d.d.c.RetailStoreDiscountsControllerTest : Started RetailStoreDiscountsControllerTest in 0.863 seconds (process running for 11.088)
2024-02-09T19:26:21.851+05:30  INFO 15840 --- [retail_discount] [    Test worker] c.n.d.d.c.RetailStoreDiscountsController : Received request to calculate net payable amount
2024-02-09T19:26:21.869+05:30  INFO 15840 --- [retail_discount] [    Test worker] c.n.d.d.c.RetailStoreDiscountsController : Net payable amount calculated: 1615.0
2024-02-09T19:26:21.947+05:30  INFO 15840 --- [retail_discount] [    Test worker] c.n.d.d.c.RetailStoreDiscountsController : Received request to calculate net payable amount
2024-02-09T19:26:22.125+05:30  INFO 15840 --- [retail_discount] [    Test worker] c.n.d.d.c.RetailStoreDiscountsController : Received request to calculate net payable amount
]]></system-out>
  <system-err><![CDATA[]]></system-err>
</testsuite>
