<?xml version="1.0" encoding="UTF-8"?>
<testsuite name="com.nkm.discount.demo.controller.RetailStoreDiscountsControllerTest" tests="3" skipped="0" failures="0" errors="0" timestamp="2024-02-10T08:39:13" hostname="IN-86RM2J3" time="1.026">
  <properties/>
  <testcase name="testCalculateNetPayableAmount()" classname="com.nkm.discount.demo.controller.RetailStoreDiscountsControllerTest" time="0.759"/>
  <testcase name="testCalculateNetPayableAmount_checkException_amountZero()" classname="com.nkm.discount.demo.controller.RetailStoreDiscountsControllerTest" time="0.236"/>
  <testcase name="testCalculateNetPayableAmount_check_userNotExist()" classname="com.nkm.discount.demo.controller.RetailStoreDiscountsControllerTest" time="0.02"/>
  <system-out><![CDATA[14:09:05.049 [Test worker] INFO org.springframework.test.context.support.AnnotationConfigContextLoaderUtils -- Could not detect default configuration classes for test class [com.nkm.discount.demo.controller.RetailStoreDiscountsControllerTest]: RetailStoreDiscountsControllerTest does not declare any static, non-private, non-final, nested classes annotated with @Configuration.
14:09:06.478 [Test worker] INFO org.springframework.boot.test.context.SpringBootTestContextBootstrapper -- Found @SpringBootConfiguration com.nkm.discount.demo.DemoApplication for test class com.nkm.discount.demo.controller.RetailStoreDiscountsControllerTest

  .   ____          _            __ _ _
 /\\ / ___'_ __ _ _(_)_ __  __ _ \ \ \ \
( ( )\___ | '_ | '_| | '_ \/ _` | \ \ \ \
 \\/  ___)| |_)| | | | | || (_| |  ) ) ) )
  '  |____| .__|_| |_|_| |_\__, | / / / /
 =========|_|==============|___/=/_/_/_/
 :: Spring Boot ::                (v3.2.2)

2024-02-10T14:09:08.222+05:30  INFO 23940 --- [retail_discount] [    Test worker] d.d.c.RetailStoreDiscountsControllerTest : Starting RetailStoreDiscountsControllerTest using Java 17.0.9 with PID 23940 (started by nitinkumar14 in C:\Users\nitinkumar14\OneDrive - Nagarro\Desktop\interview-preparation\aws-elasticsearch\referances\dubai_muncipal\demo (13)\demo)
2024-02-10T14:09:08.225+05:30  INFO 23940 --- [retail_discount] [    Test worker] d.d.c.RetailStoreDiscountsControllerTest : No active profile set, falling back to 1 default profile: "default"
2024-02-10T14:09:13.434+05:30  INFO 23940 --- [retail_discount] [    Test worker] o.s.b.t.m.w.SpringBootMockServletContext : Initializing Spring TestDispatcherServlet ''
2024-02-10T14:09:13.441+05:30  INFO 23940 --- [retail_discount] [    Test worker] o.s.t.web.servlet.TestDispatcherServlet  : Initializing Servlet ''
2024-02-10T14:09:13.448+05:30  INFO 23940 --- [retail_discount] [    Test worker] o.s.t.web.servlet.TestDispatcherServlet  : Completed initialization in 4 ms
2024-02-10T14:09:13.561+05:30  INFO 23940 --- [retail_discount] [    Test worker] d.d.c.RetailStoreDiscountsControllerTest : Started RetailStoreDiscountsControllerTest in 6.605 seconds (process running for 13.632)
2024-02-10T14:09:14.281+05:30  INFO 23940 --- [retail_discount] [    Test worker] c.n.d.d.c.RetailStoreDiscountsController : Received request to calculate net payable amount
2024-02-10T14:09:14.298+05:30  INFO 23940 --- [retail_discount] [    Test worker] c.n.d.d.c.RetailStoreDiscountsController : Net payable amount calculated: 1615.0
2024-02-10T14:09:14.428+05:30  INFO 23940 --- [retail_discount] [    Test worker] c.n.d.d.c.RetailStoreDiscountsController : Received request to calculate net payable amount
2024-02-10T14:09:14.672+05:30  INFO 23940 --- [retail_discount] [    Test worker] c.n.d.d.c.RetailStoreDiscountsController : Received request to calculate net payable amount
]]></system-out>
  <system-err><![CDATA[]]></system-err>
</testsuite>
